npm warn config production Use `--omit=dev` instead.

> disa-ai@1.0.0 prebuild
> node scripts/build-info.js && npm run generate-tokens

ðŸ”§ Generating build info for Issue #81...
âœ… Build info written to .env.build:
VITE_BUILD_ID=v1.0.0-21e8e01
VITE_BUILD_TIME=2025-11-15T02:01:55.118Z
VITE_BUILD_TIMESTAMP=mhzn5j1q
VITE_GIT_SHA=21e8e014a4dab6f64f52b76fa8f216b04b147f4b
VITE_GIT_BRANCH=main
VITE_VERSION=1.0.0
âœ… Build info written to build-info.json

ðŸš€ Build ID: v1.0.0-21e8e01
ðŸ“… Build Time: 2025-11-15T02:01:55.118Z
ðŸŒ¿ Git Branch: main
ðŸ“ Git SHA: 21e8e01
npm warn config production Use `--omit=dev` instead.

> disa-ai@1.0.0 generate-tokens
> node scripts/generate-tokens.mjs

ðŸŽ¨ Generating build-time design tokens...
âœ… Generated 117 pre-calculated tokens
ðŸ“ Written to: /home/d/Schreibtisch/Disa_Ai/src/styles/design-tokens.generated.ts
ðŸš€ Performance gain: ~60% faster theme switching
ðŸŽ¯ Next: Update design-tokens.ts to use pre-calculated tokens

> disa-ai@1.0.0 build
> vite build

vite v7.2.2 building client environment for production...
transforming...
âœ“ 45 modules transformed.
âœ— Build failed in 3.11s
error during build:
[vite-plugin-pwa:build] [plugin vite-plugin-pwa:build] There was an error during the build:
  [vite]: Rollup failed to resolve import "framer-motion" from "/home/d/Schreibtisch/Disa_Ai/src/components/layout/EnhancedBottomNav.tsx".
This is most likely unintended because it can break your application at runtime.
If you do want to externalize this module explicitly add it to
`build.rollupOptions.external`
Additionally, handling the error in the 'buildEnd' hook caused the following error:
  [vite]: Rollup failed to resolve import "framer-motion" from "/home/d/Schreibtisch/Disa_Ai/src/components/layout/EnhancedBottomNav.tsx".
This is most likely unintended because it can break your application at runtime.
If you do want to externalize this module explicitly add it to
`build.rollupOptions.external`
    at getRollupError (file:///home/d/Schreibtisch/Disa_Ai/node_modules/rollup/dist/es/shared/parseAst.js:401:41)
    at file:///home/d/Schreibtisch/Disa_Ai/node_modules/rollup/dist/es/shared/node-entry.js:23322:39
    at async catchUnfinishedHookActions (file:///home/d/Schreibtisch/Disa_Ai/node_modules/rollup/dist/es/shared/node-entry.js:22780:16)
    at async rollupInternal (file:///home/d/Schreibtisch/Disa_Ai/node_modules/rollup/dist/es/shared/node-entry.js:23305:5)
    at async buildEnvironment (file:///home/d/Schreibtisch/Disa_Ai/node_modules/vite/dist/node/chunks/config.js:34160:12)
    at async Object.build (file:///home/d/Schreibtisch/Disa_Ai/node_modules/vite/dist/node/chunks/config.js:34519:19)
    at async Object.buildApp (file:///home/d/Schreibtisch/Disa_Ai/node_modules/vite/dist/node/chunks/config.js:34516:153)
    at async CAC.<anonymous> (file:///home/d/Schreibtisch/Disa_Ai/node_modules/vite/dist/node/cli.js:629:3)
