vite v5.4.9 building for production...
transforming...
✓ 156 modules transformed.
rendering chunks...
computing gzip size...
dist/manifest.webmanifest               0.52 kB
dist/index.html                         2.01 kB │ gzip:  0.77 kB
dist/assets/index-BiD4V01x.css         73.10 kB │ gzip: 12.47 kB
dist/assets/vendor-DtpNa8d2.js         49.32 kB │ gzip: 13.96 kB
dist/assets/index-ClBnkxxh.js          72.59 kB │ gzip: 24.28 kB
dist/assets/vendor-react-DGxLIH_d.js  137.54 kB │ gzip: 43.99 kB
✓ built in 4.43s

PWA v0.20.5
Building public/sw.js service worker ("es" format)...
vite v5.4.9 building for production...
transforming...
✓ 53 modules transformed.
rendering chunks...
computing gzip size...
dist/sw.mjs  16.77 kB │ gzip: 5.60 kB
✓ built in 246ms

PWA v0.20.5
mode      injectManifest
format:   es
precache  8 entries (326.97 KiB)
files generated
  dist/sw.js
